android/proguard/seeds.txt
com.google.android.gms.wallet.LoyaltyWalletObject
com.google.android.gms.wallet.LoyaltyWalletObject: android.os.Parcelable$Creator CREATOR
com.google.android.gms.wallet.MaskedWallet
com.google.android.gms.wallet.MaskedWallet: android.os.Parcelable$Creator CREATOR
com.google.android.gms.wallet.MaskedWalletRequest
com.google.android.gms.wallet.MaskedWalletRequest: android.os.Parcelable$Creator CREATOR
com.google.android.gms.wallet.NotifyTransactionStatusRequest
com.google.android.gms.wallet.NotifyTransactionStatusRequest: android.os.Parcelable$Creator CREATOR
com.google.android.gms.wallet.OfferWalletObject
com.google.android.gms.wallet.OfferWalletObject: android.os.Parcelable$Creator CREATOR
com.google.android.gms.wallet.ProxyCard
com.google.android.gms.wallet.ProxyCard: android.os.Parcelable$Creator CREATOR
com.google.android.gms.wallet.d
com.google.android.gms.wallet.d: android.os.Parcelable$Creator CREATOR
com.google.android.gms.wallet.fragment.WalletFragmentInitParams
com.google.android.gms.wallet.fragment.WalletFragmentInitParams: android.os.Parcelable$Creator CREATOR
com.google.android.gms.wallet.fragment.WalletFragmentOptions
com.google.android.gms.wallet.fragment.WalletFragmentOptions: android.os.Parcelable$Creator CREATOR
com.google.android.gms.wallet.fragment.WalletFragmentStyle
com.google.android.gms.wallet.fragment.WalletFragmentStyle: android.os.Parcelable$Creator CREATOR
com.google.android.gms.wallet.wobs.CommonWalletObject
com.google.android.gms.wallet.wobs.CommonWalletObject: android.os.Parcelable$Creator CREATOR
com.google.android.gms.wallet.wobs.b
com.google.android.gms.wallet.wobs.b: android.os.Parcelable$Creator CREATOR
com.google.android.gms.wallet.wobs.d
com.google.android.gms.wallet.wobs.d: android.os.Parcelable$Creator CREATOR
com.google.android.gms.wallet.wobs.f
com.google.android.gms.wallet.wobs.f: android.os.Parcelable$Creator CREATOR
com.google.android.gms.wallet.wobs.g
com.google.android.gms.wallet.wobs.g: android.os.Parcelable$Creator CREATOR
com.google.android.gms.wallet.wobs.j
com.google.android.gms.wallet.wobs.j: android.os.Parcelable$Creator CREATOR
com.google.android.gms.wallet.wobs.l
com.google.android.gms.wallet.wobs.l: android.os.Parcelable$Creator CREATOR
com.google.android.gms.wallet.wobs.n
com.google.android.gms.wallet.wobs.n: android.os.Parcelable$Creator CREATOR
com.google.android.gms.wallet.wobs.p
com.google.android.gms.wallet.wobs.p: android.os.Parcelable$Creator CREATOR
com.google.android.gms.wearable.Asset
com.google.android.gms.wearable.Asset: android.os.Parcelable$Creator CREATOR
com.google.android.gms.wearable.PutDataRequest
com.google.android.gms.wearable.PutDataRequest: android.os.Parcelable$Creator CREATOR
com.google.android.gms.wearable.c
com.google.android.gms.wearable.c: android.os.Parcelable$Creator CREATOR
com.google.android.gms.wearable.internal.DataItemAssetParcelable
com.google.android.gms.wearable.internal.DataItemAssetParcelable: android.os.Parcelable$Creator CREATOR
com.google.android.gms.wearable.internal.ab
com.google.android.gms.wearable.internal.ab: android.os.Parcelable$Creator CREATOR
com.google.android.gms.wearable.internal.ah
com.google.android.gms.wearable.internal.ah: android.os.Parcelable$Creator CREATOR
com.google.android.gms.wearable.internal.ak
com.google.android.gms.wearable.internal.ak: android.os.Parcelable$Creator CREATOR
com.google.android.gms.wearable.internal.am
com.google.android.gms.wearable.internal.am: android.os.Parcelable$Creator CREATOR
com.google.android.gms.wearable.internal.ao
com.google.android.gms.wearable.internal.ao: android.os.Parcelable$Creator CREATOR
com.google.android.gms.wearable.internal.aq
com.google.android.gms.wearable.internal.aq: android.os.Parcelable$Creator CREATOR
com.google.android.gms.wearable.internal.as
com.google.android.gms.wearable.internal.as: android.os.Parcelable$Creator CREATOR
com.google.android.gms.wearable.internal.au
com.google.android.gms.wearable.internal.au: android.os.Parcelable$Creator CREATOR